<?xml version="1.0" encoding="UTF-8"?>
<!-- Generated by org.testng.reporters.JUnitReportReporter -->
<testsuite skipped="0" hostname="Dell-PC" name="Demo.OnlyPractice1" tests="1" failures="0" timestamp="12 Aug 2020 08:10:38 GMT" time="0.006" errors="0">
  <testcase name="m5" time="0.006" classname="Demo.OnlyPractice1"/>
</testsuite> <!-- Demo.OnlyPractice1 -->
