<?xml version="1.0" encoding="UTF-8"?>
<!-- Generated by org.testng.reporters.JUnitReportReporter -->
<testsuite skipped="0" hostname="Dell-PC" name="Demo.TestNG1" tests="5" failures="0" timestamp="11 Aug 2020 06:21:47 GMT" time="0.025" errors="0">
  <testcase name="m4" time="0.001" classname="Demo.TestNG1"/>
  <testcase name="m3" time="0.002" classname="Demo.TestNG1"/>
  <testcase name="m5" time="0.002" classname="Demo.TestNG1"/>
  <testcase name="m1" time="0.013" classname="Demo.TestNG1"/>
  <testcase name="m2" time="0.007" classname="Demo.TestNG1"/>
</testsuite> <!-- Demo.TestNG1 -->
